/Users/salman/Documents/GitHub/PropEdgeV12.0/model_trainer.py:186: PerformanceWarning: DataFrame is highly fragmented.  This is usually the result of calling `frame.insert` many times, which has poor performance.  Consider joining all columns at once using pd.concat(axis=1) instead. To get a de-fragmented frame, use `newframe = frame.copy()`
  if 'DNP' not in df.columns: df['DNP'] = 0
/Library/Frameworks/Python.framework/Versions/3.13/lib/python3.13/site-packages/joblib/externals/loky/backend/context.py:131: UserWarning: Could not find the number of physical cores for the following reason:
[Errno 2] No such file or directory: 'sysctl'
Returning the number of logical cores instead. You can silence this warning by setting LOKY_MAX_CPU_COUNT to the number of cores you want to use.
  warnings.warn(
  File "/Library/Frameworks/Python.framework/Versions/3.13/lib/python3.13/site-packages/joblib/externals/loky/backend/context.py", line 249, in _count_physical_cores
    cpu_count_physical = _count_physical_cores_darwin()
  File "/Library/Frameworks/Python.framework/Versions/3.13/lib/python3.13/site-packages/joblib/externals/loky/backend/context.py", line 312, in _count_physical_cores_darwin
    cpu_info = subprocess.run(
        "sysctl -n hw.physicalcpu".split(),
        capture_output=True,
        text=True,
    )
  File "/Library/Frameworks/Python.framework/Versions/3.13/lib/python3.13/subprocess.py", line 554, in run
    with Popen(*popenargs, **kwargs) as process:
         ~~~~~^^^^^^^^^^^^^^^^^^^^^^
  File "/Library/Frameworks/Python.framework/Versions/3.13/lib/python3.13/subprocess.py", line 1036, in __init__
    self._execute_child(args, executable, preexec_fn, close_fds,
    ~~~~~~~~~~~~~~~~~~~^^^^^^^^^^^^^^^^^^^^^^^^^^^^^^^^^^^^^^^^^
                        pass_fds, cwd, env,
                        ^^^^^^^^^^^^^^^^^^^
    ...<5 lines>...
                        gid, gids, uid, umask,
                        ^^^^^^^^^^^^^^^^^^^^^^
                        start_new_session, process_group)
                        ^^^^^^^^^^^^^^^^^^^^^^^^^^^^^^^^^
  File "/Library/Frameworks/Python.framework/Versions/3.13/lib/python3.13/subprocess.py", line 1966, in _execute_child
    raise child_exception_type(errno_num, err_msg, err_filename)
/Users/salman/Documents/GitHub/PropEdgeV12.0/model_trainer.py:186: PerformanceWarning: DataFrame is highly fragmented.  This is usually the result of calling `frame.insert` many times, which has poor performance.  Consider joining all columns at once using pd.concat(axis=1) instead. To get a de-fragmented frame, use `newframe = frame.copy()`
  if 'DNP' not in df.columns: df['DNP'] = 0
/Library/Frameworks/Python.framework/Versions/3.13/lib/python3.13/site-packages/joblib/externals/loky/backend/context.py:131: UserWarning: Could not find the number of physical cores for the following reason:
[Errno 2] No such file or directory: 'sysctl'
Returning the number of logical cores instead. You can silence this warning by setting LOKY_MAX_CPU_COUNT to the number of cores you want to use.
  warnings.warn(
  File "/Library/Frameworks/Python.framework/Versions/3.13/lib/python3.13/site-packages/joblib/externals/loky/backend/context.py", line 249, in _count_physical_cores
    cpu_count_physical = _count_physical_cores_darwin()
  File "/Library/Frameworks/Python.framework/Versions/3.13/lib/python3.13/site-packages/joblib/externals/loky/backend/context.py", line 312, in _count_physical_cores_darwin
    cpu_info = subprocess.run(
        "sysctl -n hw.physicalcpu".split(),
        capture_output=True,
        text=True,
    )
  File "/Library/Frameworks/Python.framework/Versions/3.13/lib/python3.13/subprocess.py", line 554, in run
    with Popen(*popenargs, **kwargs) as process:
         ~~~~~^^^^^^^^^^^^^^^^^^^^^^
  File "/Library/Frameworks/Python.framework/Versions/3.13/lib/python3.13/subprocess.py", line 1036, in __init__
    self._execute_child(args, executable, preexec_fn, close_fds,
    ~~~~~~~~~~~~~~~~~~~^^^^^^^^^^^^^^^^^^^^^^^^^^^^^^^^^^^^^^^^^
                        pass_fds, cwd, env,
                        ^^^^^^^^^^^^^^^^^^^
    ...<5 lines>...
                        gid, gids, uid, umask,
                        ^^^^^^^^^^^^^^^^^^^^^^
                        start_new_session, process_group)
                        ^^^^^^^^^^^^^^^^^^^^^^^^^^^^^^^^^
  File "/Library/Frameworks/Python.framework/Versions/3.13/lib/python3.13/subprocess.py", line 1966, in _execute_child
    raise child_exception_type(errno_num, err_msg, err_filename)
/Users/salman/Documents/GitHub/PropEdgeV12.0/model_trainer.py:186: PerformanceWarning: DataFrame is highly fragmented.  This is usually the result of calling `frame.insert` many times, which has poor performance.  Consider joining all columns at once using pd.concat(axis=1) instead. To get a de-fragmented frame, use `newframe = frame.copy()`
  if 'DNP' not in df.columns: df['DNP'] = 0
/Library/Frameworks/Python.framework/Versions/3.13/lib/python3.13/site-packages/joblib/externals/loky/backend/context.py:131: UserWarning: Could not find the number of physical cores for the following reason:
[Errno 2] No such file or directory: 'sysctl'
Returning the number of logical cores instead. You can silence this warning by setting LOKY_MAX_CPU_COUNT to the number of cores you want to use.
  warnings.warn(
  File "/Library/Frameworks/Python.framework/Versions/3.13/lib/python3.13/site-packages/joblib/externals/loky/backend/context.py", line 249, in _count_physical_cores
    cpu_count_physical = _count_physical_cores_darwin()
  File "/Library/Frameworks/Python.framework/Versions/3.13/lib/python3.13/site-packages/joblib/externals/loky/backend/context.py", line 312, in _count_physical_cores_darwin
    cpu_info = subprocess.run(
        "sysctl -n hw.physicalcpu".split(),
        capture_output=True,
        text=True,
    )
  File "/Library/Frameworks/Python.framework/Versions/3.13/lib/python3.13/subprocess.py", line 554, in run
    with Popen(*popenargs, **kwargs) as process:
         ~~~~~^^^^^^^^^^^^^^^^^^^^^^
  File "/Library/Frameworks/Python.framework/Versions/3.13/lib/python3.13/subprocess.py", line 1036, in __init__
    self._execute_child(args, executable, preexec_fn, close_fds,
    ~~~~~~~~~~~~~~~~~~~^^^^^^^^^^^^^^^^^^^^^^^^^^^^^^^^^^^^^^^^^
                        pass_fds, cwd, env,
                        ^^^^^^^^^^^^^^^^^^^
    ...<5 lines>...
                        gid, gids, uid, umask,
                        ^^^^^^^^^^^^^^^^^^^^^^
                        start_new_session, process_group)
                        ^^^^^^^^^^^^^^^^^^^^^^^^^^^^^^^^^
  File "/Library/Frameworks/Python.framework/Versions/3.13/lib/python3.13/subprocess.py", line 1966, in _execute_child
    raise child_exception_type(errno_num, err_msg, err_filename)
/Users/salman/Documents/GitHub/PropEdgeV12.0/model_trainer.py:186: PerformanceWarning: DataFrame is highly fragmented.  This is usually the result of calling `frame.insert` many times, which has poor performance.  Consider joining all columns at once using pd.concat(axis=1) instead. To get a de-fragmented frame, use `newframe = frame.copy()`
  if 'DNP' not in df.columns: df['DNP'] = 0
/Library/Frameworks/Python.framework/Versions/3.13/lib/python3.13/site-packages/joblib/externals/loky/backend/context.py:131: UserWarning: Could not find the number of physical cores for the following reason:
[Errno 2] No such file or directory: 'sysctl'
Returning the number of logical cores instead. You can silence this warning by setting LOKY_MAX_CPU_COUNT to the number of cores you want to use.
  warnings.warn(
  File "/Library/Frameworks/Python.framework/Versions/3.13/lib/python3.13/site-packages/joblib/externals/loky/backend/context.py", line 249, in _count_physical_cores
    cpu_count_physical = _count_physical_cores_darwin()
  File "/Library/Frameworks/Python.framework/Versions/3.13/lib/python3.13/site-packages/joblib/externals/loky/backend/context.py", line 312, in _count_physical_cores_darwin
    cpu_info = subprocess.run(
        "sysctl -n hw.physicalcpu".split(),
        capture_output=True,
        text=True,
    )
  File "/Library/Frameworks/Python.framework/Versions/3.13/lib/python3.13/subprocess.py", line 554, in run
    with Popen(*popenargs, **kwargs) as process:
         ~~~~~^^^^^^^^^^^^^^^^^^^^^^
  File "/Library/Frameworks/Python.framework/Versions/3.13/lib/python3.13/subprocess.py", line 1036, in __init__
    self._execute_child(args, executable, preexec_fn, close_fds,
    ~~~~~~~~~~~~~~~~~~~^^^^^^^^^^^^^^^^^^^^^^^^^^^^^^^^^^^^^^^^^
                        pass_fds, cwd, env,
                        ^^^^^^^^^^^^^^^^^^^
    ...<5 lines>...
                        gid, gids, uid, umask,
                        ^^^^^^^^^^^^^^^^^^^^^^
                        start_new_session, process_group)
                        ^^^^^^^^^^^^^^^^^^^^^^^^^^^^^^^^^
  File "/Library/Frameworks/Python.framework/Versions/3.13/lib/python3.13/subprocess.py", line 1966, in _execute_child
    raise child_exception_type(errno_num, err_msg, err_filename)
