============================================================
PropEdge V12.0 — BATCH 3: PREDICT
  Date: 2026-04-01 | 2026-04-01 21:30 UTC+01:00
============================================================

  Fetching props: 2026-04-01 (B3)
    Credits: 19354 events
    9 games
    Credits: 19351 
    ✓ ATL @ ORL: 13 props
    Credits: 19348 
    ✓ PHI @ WAS: 12 props
    Credits: 19345 
    ✓ BOS @ MIA: 13 props
    Credits: 19342 
    ✓ MIL @ HOU: 10 props
    Credits: 19339 
    ✓ NYK @ MEM: 11 props
    Credits: 19336 
    ✓ SAC @ TOR: 14 props
    Credits: 19333 
    ✓ IND @ CHI: 10 props
    Credits: 19330 
    ✓ DEN @ UTA: 12 props
    Credits: 19327 
    ✓ SAS @ GSW: 13 props
  Total: 108 props, 9 games
  ✓ Excel: Player_Points_Props 16,322→16,323 (+1) | Spreads 1,394→1,394 (+0)

  Running V12.0 predictions...
    Building caches...
    ✓ V11 direction classifier
  107 predictions (103 conviction + 4 leans, 1 skipped)
    Skips: 1 no_player

  ✓ today.json: 115 plays (20 T1, 9 T2) | Added:1 Updated:106 Preserved:8
  ✓ Git push: B3: 2026-04-01 — 107 plays
============================================================
PropEdge V12.0 — BATCH 3: PREDICT
  Date: 2026-04-02 | 2026-04-02 21:30 UTC+01:00
============================================================

  Fetching props: 2026-04-02 (B3)
    Credits: 19057 events
    6 games
    Credits: 19051 
    ✓ PHX @ CHA: 15 props
    ✗ Minnesota Timberwolves @ Detroit Pistons: 503 Server Error: Service Unavailable for url: https://api.the-odds-api.com/v4/sports/basketball_nba/events/b70520c84d1db67fb83d5d3666ef1d46/odds?apiKey=a77b14b513399a472139e58390aac514&regions=us&markets=player_points%2Cspreads%2Ctotals&oddsFormat=american&dateFormat=iso
    Credits: 19042 
    ✓ LAL @ OKC: 14 props
    Credits: 19036 
    ✓ CLE @ GSW: 12 props
    Credits: 19030 
    ✓ NOP @ POR: 14 props
    Credits: 19024 
    ✓ SAS @ LAC: 8 props
  Total: 63 props, 6 games
  ✓ Excel: Player_Points_Props 16,408→16,410 (+2) | Spreads 1,400→1,400 (+0)

  Running V12.0 predictions...
    Building caches...
    ✓ V11 direction classifier
  63 predictions (55 conviction + 8 leans, 0 skipped)

  ✓ today.json: 85 plays (14 T1, 5 T2) | Added:0 Updated:63 Preserved:22
  ✓ Git push: B3: 2026-04-02 — 63 plays
============================================================
PropEdge V12.0 — BATCH 3: PREDICT
  Date: 2026-04-03 | 2026-04-03 21:30 UTC+01:00
============================================================

  Fetching props: 2026-04-03 (B3)
    Credits: 18784 events
    9 games
    Credits: 18781 
    ✓ IND @ CHA: 13 props
    Credits: 18778 
    ✓ MIN @ PHI: 13 props
    Credits: 18775 
    ✓ ATL @ BKN: 12 props
    Credits: 18772 
    ✓ CHI @ NYK: 11 props
    Credits: 18769 
    ✓ BOS @ MIL: 11 props
    Credits: 18766 
    ✓ UTA @ HOU: 10 props
    Credits: 18763 
    ✓ TOR @ MEM: 10 props
    Credits: 18760 
    ✓ ORL @ DAL: 13 props
    Credits: 18757 
    ✓ NOP @ SAC: 13 props
  Total: 106 props, 9 games
  ✓ Excel: Player_Points_Props 16,514→16,518 (+4) | Spreads 1,409→1,409 (+0)

  Running V12.0 predictions...
    Building caches...
    ✓ V11 direction classifier
  105 predictions (98 conviction + 7 leans, 1 skipped)
    Skips: 1 no_player

  ✓ today.json: 107 plays (11 T1, 15 T2) | Added:4 Updated:101 Preserved:2
  ✓ Git push: B3: 2026-04-03 — 105 plays
============================================================
PropEdge V12.0 — BATCH 3: PREDICT
  Date: 2026-04-04 | 2026-04-04 21:32 UTC+01:00
============================================================

  Fetching props: 2026-04-04 (B3)
    Credits: 18514 events
    3 games
    Credits: 18508 
    ✓ WAS @ MIA: 11 props
    Credits: 18502 
    ✓ SAS @ DEN: 14 props
    Credits: 18499 
    ✓ DET @ PHI: 13 props
  Total: 38 props, 3 games
  ✓ Excel: Player_Points_Props 16,559→16,562 (+3) | Spreads 1,412→1,412 (+0)

  Running V12.0 predictions...
    Building caches...
    ✓ V11 direction classifier
  37 predictions (32 conviction + 5 leans, 1 skipped)
    Skips: 1 no_player

  ✓ today.json: 42 plays (9 T1, 3 T2) | Added:3 Updated:34 Preserved:5
  ✓ Git push: B3: 2026-04-04 — 37 plays
